<?xml version="1.0" encoding="UTF-8"?>
<testsuites>
  <testsuite name="Ebay Product Search" timestamp="2022-10-12T10:55:57" time="24.276" tests="4" failures="0" errors="0" skipped="0">
    <properties>
      <property name="specId" value="0"/>
      <property name="suiteName" value="Ebay Product Search"/>
      <property name="capabilities" value="chrome.106_0_5249_91.linux"/>
      <property name="file" value="./test/specs/search.js"/>
    </properties>
    <testcase classname="chrome.106_0_5249_91.linux.Ebay_Product_Search" name="should open the main url and verify the title" time="9.338">
      <system-out><![CDATA[
COMMAND: POST /session/f8859a42cbf05aeb9996ddcdc65bedbe/window/maximize - {}
COMMAND: POST /session/f8859a42cbf05aeb9996ddcdc65bedbe/url - {"url":"https://www.ebay.com/"}
RESULT: {}
RESULT: {"url":"https://www.ebay.com/"}
COMMAND: GET /session/f8859a42cbf05aeb9996ddcdc65bedbe/title - {}
RESULT: {}
]]></system-out>
    </testcase>
    <testcase classname="chrome.106_0_5249_91.linux.Ebay_Product_Search" name="should search for the product and verify the search field value" time="14.695">
      <system-out><![CDATA[
COMMAND: POST /session/f8859a42cbf05aeb9996ddcdc65bedbe/window/maximize - {}
COMMAND: POST /session/f8859a42cbf05aeb9996ddcdc65bedbe/element - {"using":"css selector","value":"#gh-ac"}
RESULT: {}
RESULT: {"using":"css selector","value":"#gh-ac"}
COMMAND: POST /session/f8859a42cbf05aeb9996ddcdc65bedbe/element/0874f9d0-db7c-4294-8288-b7028e71d550/value - {"text":"laptop"}
RESULT: {"text":"laptop"}
COMMAND: POST /session/f8859a42cbf05aeb9996ddcdc65bedbe/element - {"using":"css selector","value":"#gh-btn"}
RESULT: {"using":"css selector","value":"#gh-btn"}
COMMAND: POST /session/f8859a42cbf05aeb9996ddcdc65bedbe/element/f706b4ab-73cd-40ff-8752-e1b76148abe0/click - {}
RESULT: {}
COMMAND: POST /session/f8859a42cbf05aeb9996ddcdc65bedbe/element - {"using":"css selector","value":"#gh-ac"}
RESULT: {"using":"css selector","value":"#gh-ac"}
COMMAND: GET /session/f8859a42cbf05aeb9996ddcdc65bedbe/element/88d5e9fb-7285-472d-97b2-94a9df42537a/property/value - {}
RESULT: {}
]]></system-out>
    </testcase>
    <testcase classname="chrome.106_0_5249_91.linux.Ebay_Product_Search" name="should redirect to a new page and verify the title" time="0.039">
      <system-out><![CDATA[
COMMAND: POST /session/f8859a42cbf05aeb9996ddcdc65bedbe/window/maximize - {}
COMMAND: GET /session/f8859a42cbf05aeb9996ddcdc65bedbe/title - {}
RESULT: {}
RESULT: {}
]]></system-out>
    </testcase>
    <testcase classname="chrome.106_0_5249_91.linux.Ebay_Product_Search" name="should update the search category" time="0.161">
      <system-out><![CDATA[
COMMAND: POST /session/f8859a42cbf05aeb9996ddcdc65bedbe/window/maximize - {}
COMMAND: POST /session/f8859a42cbf05aeb9996ddcdc65bedbe/element - {"using":"css selector","value":"#gh-cat option:nth-child(1)"}
COMMAND: POST /session/f8859a42cbf05aeb9996ddcdc65bedbe/element - {"using":"css selector","value":"#gh-cat option:nth-child(1)"}
RESULT: {}
RESULT: {"using":"css selector","value":"#gh-cat option:nth-child(1)"}
COMMAND: GET /session/f8859a42cbf05aeb9996ddcdc65bedbe/element/112a7c1c-9c31-4e58-b364-850e1e5a3a0f/text - {}
RESULT: {"using":"css selector","value":"#gh-cat option:nth-child(1)"}
COMMAND: GET /session/f8859a42cbf05aeb9996ddcdc65bedbe/element/112a7c1c-9c31-4e58-b364-850e1e5a3a0f/text - {}
RESULT: {}
RESULT: {}
COMMAND: DELETE /session/f8859a42cbf05aeb9996ddcdc65bedbe - {}
RESULT: {}
]]></system-out>
    </testcase>
  </testsuite>
</testsuites>